#
# There is insufficient memory for the Java Runtime Environment to continue.
# Native memory allocation (mmap) failed to map 130023424 bytes for G1 virtual space
# Possible reasons:
#   The system is out of physical RAM or swap space
#   The process is running with CompressedOops enabled, and the Java Heap may be blocking the growth of the native heap
# Possible solutions:
#   Reduce memory load on the system
#   Increase physical memory or swap space
#   Check if swap backing store is full
#   Decrease Java heap size (-Xmx/-Xms)
#   Decrease number of Java threads
#   Decrease Java thread stack sizes (-Xss)
#   Set larger code cache with -XX:ReservedCodeCacheSize=
#   JVM is running with Unscaled Compressed Oops mode in which the Java heap is
#     placed in the first 4GB address space. The Java Heap base address is the
#     maximum limit for the native heap growth. Please use -XX:HeapBaseMinAddress
#     to set the Java Heap base and to place the Java Heap above 4GB virtual address.
# This output file may be truncated or incomplete.
#
#  Out of Memory Error (./open/src/hotspot/os/windows/os_windows.cpp:3321), pid=154064, tid=137872
#
# JRE version:  (15.0.2+7) (build )
# Java VM: Java HotSpot(TM) 64-Bit Server VM (15.0.2+7-27, mixed mode, sharing, tiered, compressed oops, g1 gc, windows-amd64)
# No core dump will be written. Minidumps are not enabled by default on client versions of Windows
#

---------------  S U M M A R Y ------------

Command Line: -Dclassworlds.conf=C:\Maven\bin\m2.conf -Dmaven.home=C:\Maven -Dlibrary.jansi.path=C:\Maven\lib\jansi-native -Dmaven.multiModuleProjectDirectory=C:\Users\user\Documents\NetBeansProjects\AndhikaMVC org.codehaus.plexus.classworlds.launcher.Launcher -Dmaven.ext.class.path=C:\Program Files\NetBeans-12.6\netbeans\java\maven-nblib\netbeans-eventspy.jar -Dfile.encoding=UTF-8 clean install

Host: Intel(R) Core(TM) i5-1035G1 CPU @ 1.00GHz, 8 cores, 7G,  Windows 10 , 64 bit Build 22000 (10.0.22000.708)
Time: Thu Jul  7 09:33:27 2022 SE Asia Standard Time elapsed time: 0.018248 seconds (0d 0h 0m 0s)

---------------  T H R E A D  ---------------

Current thread (0x000001fabb6f79f0):  JavaThread "Unknown thread" [_thread_in_vm, id=137872, stack(0x000000ddf8000000,0x000000ddf8100000)]

Stack: [0x000000ddf8000000,0x000000ddf8100000]
Native frames: (J=compiled Java code, j=interpreted, Vv=VM code, C=native code)
V  [jvm.dll+0x62ae9a]
V  [jvm.dll+0x7817a9]
V  [jvm.dll+0x782f03]
V  [jvm.dll+0x783563]
V  [jvm.dll+0x216325]
V  [jvm.dll+0x6281d9]
V  [jvm.dll+0x61cf55]
V  [jvm.dll+0x2cffdd]
V  [jvm.dll+0x2cfe42]
V  [jvm.dll+0x2d5e1c]
V  [jvm.dll+0x32590a]
V  [jvm.dll+0x324fd4]
V  [jvm.dll+0x2a6f5a]
V  [jvm.dll+0x2a80f8]
V  [jvm.dll+0x75e241]
V  [jvm.dll+0x3341c4]
V  [jvm.dll+0x73e926]
V  [jvm.dll+0x3b7557]
V  [jvm.dll+0x3b8fe1]
C  [jli.dll+0x52fb]
C  [ucrtbase.dll+0x26c0c]
C  [KERNEL32.DLL+0x154e0]
C  [ntdll.dll+0x485b]


---------------  P R O C E S S  ---------------

Threads class SMR info:
_java_thread_list=0x00007ff9300c4ff0, length=0, elements={
}

Java Threads: ( => current thread )

Other Threads:
  0x000001fabb7316f0 GCTaskThread "GC Thread#0" [stack: 0x000000ddf8100000,0x000000ddf8200000] [id=153900]
  0x000001fabb743150 ConcurrentGCThread "G1 Main Marker" [stack: 0x000000ddf8200000,0x000000ddf8300000] [id=156232]
  0x000001fabb7454f0 ConcurrentGCThread "G1 Conc#0" [stack: 0x000000ddf8300000,0x000000ddf8400000] [id=127844]

[error occurred during error reporting (printing all threads), id 0xc0000005, EXCEPTION_ACCESS_VIOLATION (0xc0000005) at pc=0x00007ff92f8b7e27]

VM state: not at safepoint (not fully initialized)

VM Mutex/Monitor currently owned by a thread:  ([mutex/lock_event])
[0x000001fabb6f3310] Heap_lock - owner thread: 0x000001fabb6f79f0

Heap address: 0x0000000084000000, size: 1984 MB, Compressed Oops mode: 32-bit
CDS archive(s) mapped at: [0x0000000000000000-0x0000000000000000-0x0000000000000000), size 0, SharedBaseAddress: 0x0000000800000000, ArchiveRelocationMode: 0.
Narrow klass base: 0x0000000000000000, Narrow klass shift: 0, Narrow klass range: 0x0

Heap:
 garbage-first heap   total 126976K, used 0K [0x0000000084000000, 0x0000000100000000)
  region size 1024K, 0 young (0K), 0 survivors (0K)
 Metaspace       used 0K, capacity 0K, committed 0K, reserved 0K
  class space    used 0K, capacity 0K, committed 0K, reserved 0K

Heap Regions: E=young(eden), S=young(survivor), O=old, HS=humongous(starts), HC=humongous(continues), CS=collection set, F=free, OA=open archive, CA=closed archive, TAMS=top-at-mark-start (previous, next)

Card table byte_map: [0x000001fad4f70000,0x000001fad5350000] _byte_map_base: 0x000001fad4b50000

Marking Bits (Prev, Next): (CMBitMap*) 0x000001fabb731f60, (CMBitMap*) 0x000001fabb731fa0
 Prev Bits: [0x000001fad5730000, 0x000001fad7630000)
 Next Bits: [0x000001fad7630000, 0x000001fad9530000)

GC Heap History (0 events):
No events

Deoptimization events (0 events):
No events

Classes unloaded (0 events):
No events

Classes redefined (0 events):
No events

Internal exceptions (0 events):
No events

Events (1 events):
Event: 0.010 Loaded shared library C:\Program Files\Java\jdk-15.0.2\bin\java.dll


Dynamic libraries:
0x00007ff654740000 - 0x00007ff65474f000 	C:\Program Files\Java\jdk-15.0.2\bin\java.exe
0x00007ff97eb00000 - 0x00007ff97ed09000 	C:\WINDOWS\SYSTEM32\ntdll.dll
0x00007ff97d360000 - 0x00007ff97d41d000 	C:\WINDOWS\System32\KERNEL32.DLL
0x00007ff97c180000 - 0x00007ff97c4f9000 	C:\WINDOWS\System32\KERNELBASE.dll
0x00007ff97c7b0000 - 0x00007ff97c8c1000 	C:\WINDOWS\System32\ucrtbase.dll
0x00007ff9699f0000 - 0x00007ff969a09000 	C:\Program Files\Java\jdk-15.0.2\bin\VCRUNTIME140.dll
0x00007ff964000000 - 0x00007ff964018000 	C:\Program Files\Java\jdk-15.0.2\bin\jli.dll
0x00007ff97dc80000 - 0x00007ff97dd2e000 	C:\WINDOWS\System32\ADVAPI32.dll
0x00007ff97e030000 - 0x00007ff97e0d3000 	C:\WINDOWS\System32\msvcrt.dll
0x00007ff97d2c0000 - 0x00007ff97d35e000 	C:\WINDOWS\System32\sechost.dll
0x00007ff97dd40000 - 0x00007ff97de60000 	C:\WINDOWS\System32\RPCRT4.dll
0x00007ff97cb30000 - 0x00007ff97ccdc000 	C:\WINDOWS\System32\USER32.dll
0x00007ff97bfe0000 - 0x00007ff97c006000 	C:\WINDOWS\System32\win32u.dll
0x00007ff97dc50000 - 0x00007ff97dc79000 	C:\WINDOWS\System32\GDI32.dll
0x00007ff97c500000 - 0x00007ff97c612000 	C:\WINDOWS\System32\gdi32full.dll
0x00007ff97c620000 - 0x00007ff97c6bd000 	C:\WINDOWS\System32\msvcp_win.dll
0x00007ff961380000 - 0x00007ff961625000 	C:\WINDOWS\WinSxS\amd64_microsoft.windows.common-controls_6595b64144ccf1df_6.0.22000.120_none_9d947278b86cc467\COMCTL32.dll
0x00007ff975c20000 - 0x00007ff975c2a000 	C:\WINDOWS\SYSTEM32\VERSION.dll
0x00007ff97d280000 - 0x00007ff97d2b1000 	C:\WINDOWS\System32\IMM32.DLL
0x00007ff976f20000 - 0x00007ff976f2c000 	C:\Program Files\Java\jdk-15.0.2\bin\vcruntime140_1.dll
0x00007ff952210000 - 0x00007ff9522a1000 	C:\Program Files\Java\jdk-15.0.2\bin\msvcp140.dll
0x00007ff92f600000 - 0x00007ff93015e000 	C:\Program Files\Java\jdk-15.0.2\bin\server\jvm.dll
0x00007ff97dd30000 - 0x00007ff97dd38000 	C:\WINDOWS\System32\PSAPI.DLL
0x00007ff9766a0000 - 0x00007ff9766d3000 	C:\WINDOWS\SYSTEM32\WINMM.dll
0x00007ff96aa40000 - 0x00007ff96aa49000 	C:\WINDOWS\SYSTEM32\WSOCK32.dll
0x00007ff97d420000 - 0x00007ff97d48f000 	C:\WINDOWS\System32\WS2_32.dll
0x00007ff97b1d0000 - 0x00007ff97b1e8000 	C:\WINDOWS\SYSTEM32\kernel.appcore.dll
0x00007ff9768b0000 - 0x00007ff9768ba000 	C:\Program Files\Java\jdk-15.0.2\bin\jimage.dll
0x00007ff979b40000 - 0x00007ff979d61000 	C:\WINDOWS\SYSTEM32\DBGHELP.DLL
0x00007ff963d00000 - 0x00007ff963d31000 	C:\WINDOWS\SYSTEM32\dbgcore.DLL
0x00007ff97c730000 - 0x00007ff97c7af000 	C:\WINDOWS\System32\bcryptPrimitives.dll
0x00007ff969930000 - 0x00007ff969955000 	C:\Program Files\Java\jdk-15.0.2\bin\java.dll

dbghelp: loaded successfully - version: 4.0.5 - missing functions: none
symbol engine: initialized successfully - sym options: 0x614 - pdb path: .;C:\Program Files\Java\jdk-15.0.2\bin;C:\WINDOWS\SYSTEM32;C:\WINDOWS\WinSxS\amd64_microsoft.windows.common-controls_6595b64144ccf1df_6.0.22000.120_none_9d947278b86cc467;C:\Program Files\Java\jdk-15.0.2\bin\server

VM Arguments:
jvm_args: -Dclassworlds.conf=C:\Maven\bin\m2.conf -Dmaven.home=C:\Maven -Dlibrary.jansi.path=C:\Maven\lib\jansi-native -Dmaven.multiModuleProjectDirectory=C:\Users\user\Documents\NetBeansProjects\AndhikaMVC 
java_command: org.codehaus.plexus.classworlds.launcher.Launcher -Dmaven.ext.class.path=C:\Program Files\NetBeans-12.6\netbeans\java\maven-nblib\netbeans-eventspy.jar -Dfile.encoding=UTF-8 clean install
java_class_path (initial): C:\Maven\boot\plexus-classworlds-2.6.0.jar
Launcher Type: SUN_STANDARD

[Global flags]
     intx CICompilerCount                          = 4                                         {product} {ergonomic}
     uint ConcGCThreads                            = 2                                         {product} {ergonomic}
     uint G1ConcRefinementThreads                  = 8                                         {product} {ergonomic}
   size_t G1HeapRegionSize                         = 1048576                                   {product} {ergonomic}
    uintx GCDrainStackTargetSize                   = 64                                        {product} {ergonomic}
   size_t InitialHeapSize                          = 130023424                                 {product} {ergonomic}
   size_t MarkStackSize                            = 4194304                                   {product} {ergonomic}
   size_t MaxHeapSize                              = 2080374784                                {product} {ergonomic}
   size_t MinHeapDeltaBytes                        = 1048576                                   {product} {ergonomic}
   size_t MinHeapSize                              = 8388608                                   {product} {ergonomic}
    uintx NonNMethodCodeHeapSize                   = 5839372                                {pd product} {ergonomic}
    uintx NonProfiledCodeHeapSize                  = 122909434                              {pd product} {ergonomic}
    uintx ProfiledCodeHeapSize                     = 122909434                              {pd product} {ergonomic}
    uintx ReservedCodeCacheSize                    = 251658240                              {pd product} {ergonomic}
     bool SegmentedCodeCache                       = true                                      {product} {ergonomic}
   size_t SoftMaxHeapSize                          = 2080374784                             {manageable} {ergonomic}
     bool UseCompressedClassPointers               = true                                 {lp64_product} {ergonomic}
     bool UseCompressedOops                        = true                                 {lp64_product} {ergonomic}
     bool UseG1GC                                  = true                                      {product} {ergonomic}
     bool UseLargePagesIndividualAllocation        = false                                  {pd product} {ergonomic}

Logging:
Log output configuration:
 #0: stdout all=warning uptime,level,tags
 #1: stderr all=off uptime,level,tags

Environment Variables:
JAVA_HOME=C:\Program Files\Java\jdk-15.0.2
PATH=C:\Program Files (x86)\Common Files\Intel\Shared Libraries\redist\intel64\compiler;C:\Program Files\Common Files\Oracle\Java\javapath;C:\Program Files (x86)\Common Files\Oracle\Java\javapath;C:\ProgramData\Oracle\Java\javapath;C:\Windows\system32;C:\Windows;C:\Windows\System32\Wbem;C:\Windows\System32\WindowsPowerShell\v1.0\;C:\Windows\System32\OpenSSH\;C:\Program Files (x86)\NVIDIA Corporation\PhysX\Common;C:\Program Files\NVIDIA Corporation\NVIDIA NvDLISR;C:\WINDOWS\system32;C:\WINDOWS;C:\WINDOWS\System32\Wbem;C:\WINDOWS\System32\WindowsPowerShell\v1.0\;C:\WINDOWS\System32\OpenSSH\;C:\Program Files\Microsoft VS Code\bin;C:\Program Files\php-8.1.2;C:\Program Files\Java\jdk-15.0.2;C:\composer;C:\Program Files\Git\cmd;%MAVEN_HOME%\bin;C:\Users\user\AppData\Local\Microsoft\WindowsApps;C:\Users\user\AppData\Local\GitHubDesktop\bin;C:\Program Files\JetBrains\IntelliJ IDEA Community Edition 2021.3.1\bin;;C:\Users\user\AppData\Roaming\Composer\vendor\bin
USERNAME=Andhika
OS=Windows_NT
PROCESSOR_IDENTIFIER=Intel64 Family 6 Model 126 Stepping 5, GenuineIntel



---------------  S Y S T E M  ---------------

OS:
 Windows 10 , 64 bit Build 22000 (10.0.22000.708)
OS uptime: 11 days 17:25 hours

CPU: total 8 (initial active 8) (4 cores per cpu, 2 threads per core) family 6 model 126 stepping 5 microcode 0xa8, cmov, cx8, fxsr, mmx, sse, sse2, sse3, ssse3, sse4.1, sse4.2, popcnt, vzeroupper, avx, avx2, aes, clmul, erms, 3dnowpref, lzcnt, ht, tsc, tscinvbit, bmi1, bmi2, adx, avx512f, avx512dq, avx512cd, avx512bw, avx512vl, avx512_vpopcntdq, avx512_vpclmulqdq, avx512_vbmi, avx512_vbmi2, avx512_vaes, avx512_vnni, sha, fma, clflush, clflushopt

Memory: 4k page, system-wide physical 7934M (31M free)
TotalPageFile size 32510M (AvailPageFile size 116M)
current process WorkingSet (physical memory assigned to process): 10M, peak: 10M
current process commit charge ("private bytes"): 60M, peak: 184M

vm_info: Java HotSpot(TM) 64-Bit Server VM (15.0.2+7-27) for windows-amd64 JRE (15.0.2+7-27), built on Dec  7 2020 20:07:01 by "mach5one" with unknown MS VC++:1925

END.
